2025-06-04T17:13:25: 
Error al inicializar instancia Psic. Fernanda mejia: Error: Failed to launch the browser process!


TROUBLESHOOTING: https://github.com/puppeteer/puppeteer/blob/main/docs/troubleshooting.md

    at onClose (D:\Abraham\Proyects\PixelityStudios\Evo\node_modules\puppeteer-core\lib\cjs\puppeteer\node\BrowserRunner.js:299:20)
    at ChildProcess.<anonymous> (D:\Abraham\Proyects\PixelityStudios\Evo\node_modules\puppeteer-core\lib\cjs\puppeteer\node\BrowserRunner.js:290:24)
    at ChildProcess.emit (node:events:530:35)
    at ChildProcess._handle.onexit (node:internal/child_process:294:12)
2025-06-04T17:14:35: Error al inicializar la base de datos: SyntaxError: Unexpected end of JSON input
    at JSON.parse (<anonymous>)
    at Instance.initializeDB (D:\Abraham\Proyects\PixelityStudios\Evo\src\models\Instance.js:70:40)
    at async Instance.ensureInitialized (D:\Abraham\Proyects\PixelityStudios\Evo\src\models\Instance.js:100:13)
    at async Instance.getAllInstances (D:\Abraham\Proyects\PixelityStudios\Evo\src\models\Instance.js:138:13)
    at async InstanceController.initializeInstances (D:\Abraham\Proyects\PixelityStudios\Evo\src\controllers\instanceController.js:22:31)
    at async Server.<anonymous> (D:\Abraham\Proyects\PixelityStudios\Evo\src\index.js:163:9)
2025-06-04T17:14:35: Error al obtener instancias: SyntaxError: Unexpected end of JSON input
    at JSON.parse (<anonymous>)
    at Instance.initializeDB (D:\Abraham\Proyects\PixelityStudios\Evo\src\models\Instance.js:70:40)
    at async Instance.ensureInitialized (D:\Abraham\Proyects\PixelityStudios\Evo\src\models\Instance.js:100:13)
    at async Instance.getAllInstances (D:\Abraham\Proyects\PixelityStudios\Evo\src\models\Instance.js:138:13)
    at async InstanceController.initializeInstances (D:\Abraham\Proyects\PixelityStudios\Evo\src\controllers\instanceController.js:22:31)
    at async Server.<anonymous> (D:\Abraham\Proyects\PixelityStudios\Evo\src\index.js:163:9)
2025-06-04T17:14:35: Error al inicializar instancias: SyntaxError: Unexpected end of JSON input
    at JSON.parse (<anonymous>)
    at Instance.initializeDB (D:\Abraham\Proyects\PixelityStudios\Evo\src\models\Instance.js:70:40)
    at async Instance.ensureInitialized (D:\Abraham\Proyects\PixelityStudios\Evo\src\models\Instance.js:100:13)
    at async Instance.getAllInstances (D:\Abraham\Proyects\PixelityStudios\Evo\src\models\Instance.js:138:13)
    at async InstanceController.initializeInstances (D:\Abraham\Proyects\PixelityStudios\Evo\src\controllers\instanceController.js:22:31)
    at async Server.<anonymous> (D:\Abraham\Proyects\PixelityStudios\Evo\src\index.js:163:9)
2025-06-04T17:14:49: Error al cerrar página principal: Error: Protocol error: Connection closed. Most likely the page has been closed.
    at assert (D:\Abraham\Proyects\PixelityStudios\Evo\node_modules\puppeteer-core\lib\cjs\puppeteer\util\assert.js:28:15)
    at CDPPage.close (D:\Abraham\Proyects\PixelityStudios\Evo\node_modules\puppeteer-core\lib\cjs\puppeteer\common\Page.js:2021:32)
    at InstanceController.restartAllInstances (D:\Abraham\Proyects\PixelityStudios\Evo\src\controllers\instanceController.js:620:58)
    at process.processTicksAndRejections (node:internal/process/task_queues:95:5)
    at async D:\Abraham\Proyects\PixelityStudios\Evo\src\telegramBot.js:431:9
    at async execute (D:\Abraham\Proyects\PixelityStudios\Evo\node_modules\telegraf\lib\composer.js:518:17)
    at async D:\Abraham\Proyects\PixelityStudios\Evo\node_modules\telegraf\lib\composer.js:519:21
    at async execute (D:\Abraham\Proyects\PixelityStudios\Evo\node_modules\telegraf\lib\composer.js:518:17)
    at async D:\Abraham\Proyects\PixelityStudios\Evo\node_modules\telegraf\lib\composer.js:519:21
    at async execute (D:\Abraham\Proyects\PixelityStudios\Evo\node_modules\telegraf\lib\composer.js:518:17)
    at async D:\Abraham\Proyects\PixelityStudios\Evo\node_modules\telegraf\lib\composer.js:519:21
    at async execute (D:\Abraham\Proyects\PixelityStudios\Evo\node_modules\telegraf\lib\composer.js:518:17)
    at async D:\Abraham\Proyects\PixelityStudios\Evo\node_modules\telegraf\lib\composer.js:519:21
    at async execute (D:\Abraham\Proyects\PixelityStudios\Evo\node_modules\telegraf\lib\composer.js:518:17)
    at async D:\Abraham\Proyects\PixelityStudios\Evo\node_modules\telegraf\lib\composer.js:519:21
    at async execute (D:\Abraham\Proyects\PixelityStudios\Evo\node_modules\telegraf\lib\composer.js:518:17)
2025-06-04T17:15:00: 
Error al inicializar instancia Psic. Fernanda mejia: Error: Failed to launch the browser process!


TROUBLESHOOTING: https://github.com/puppeteer/puppeteer/blob/main/docs/troubleshooting.md

    at onClose (D:\Abraham\Proyects\PixelityStudios\Evo\node_modules\puppeteer-core\lib\cjs\puppeteer\node\BrowserRunner.js:299:20)
    at ChildProcess.<anonymous> (D:\Abraham\Proyects\PixelityStudios\Evo\node_modules\puppeteer-core\lib\cjs\puppeteer\node\BrowserRunner.js:290:24)
    at ChildProcess.emit (node:events:530:35)
    at ChildProcess._handle.onexit (node:internal/child_process:294:12)
2025-06-04T17:15:23: Error al destruir cliente: TypeError: Cannot read properties of null (reading 'close')
    at Client.destroy (D:\Abraham\Proyects\PixelityStudios\Evo\node_modules\whatsapp-web.js\src\Client.js:782:31)
    at InstanceController.disconnectInstance (D:\Abraham\Proyects\PixelityStudios\Evo\src\controllers\instanceController.js:499:42)
    at process.processTicksAndRejections (node:internal/process/task_queues:95:5)
    at async D:\Abraham\Proyects\PixelityStudios\Evo\src\telegramBot.js:169:28
    at async execute (D:\Abraham\Proyects\PixelityStudios\Evo\node_modules\telegraf\lib\composer.js:518:17)
    at async D:\Abraham\Proyects\PixelityStudios\Evo\node_modules\telegraf\lib\composer.js:519:21
    at async execute (D:\Abraham\Proyects\PixelityStudios\Evo\node_modules\telegraf\lib\composer.js:518:17)
    at async execute (D:\Abraham\Proyects\PixelityStudios\Evo\node_modules\telegraf\lib\composer.js:518:17)
    at async execute (D:\Abraham\Proyects\PixelityStudios\Evo\node_modules\telegraf\lib\composer.js:518:17)
    at async execute (D:\Abraham\Proyects\PixelityStudios\Evo\node_modules\telegraf\lib\composer.js:518:17)
    at async D:\Abraham\Proyects\PixelityStudios\Evo\node_modules\telegraf\lib\composer.js:519:21
    at async execute (D:\Abraham\Proyects\PixelityStudios\Evo\node_modules\telegraf\lib\composer.js:518:17)
    at async D:\Abraham\Proyects\PixelityStudios\Evo\node_modules\telegraf\lib\composer.js:519:21
    at async execute (D:\Abraham\Proyects\PixelityStudios\Evo\node_modules\telegraf\lib\composer.js:518:17)
    at async execute (D:\Abraham\Proyects\PixelityStudios\Evo\node_modules\telegraf\lib\composer.js:518:17)
    at async D:\Abraham\Proyects\PixelityStudios\Evo\node_modules\telegraf\lib\composer.js:519:21
2025-06-06T18:02:25: 
Error al inicializar instancia Psic. Fernanda mejia: Error: Failed to launch the browser process!


TROUBLESHOOTING: https://github.com/puppeteer/puppeteer/blob/main/docs/troubleshooting.md

    at onClose (D:\Abraham\Proyects\PixelityStudios\Evo\node_modules\puppeteer-core\lib\cjs\puppeteer\node\BrowserRunner.js:299:20)
    at ChildProcess.<anonymous> (D:\Abraham\Proyects\PixelityStudios\Evo\node_modules\puppeteer-core\lib\cjs\puppeteer\node\BrowserRunner.js:290:24)
    at ChildProcess.emit (node:events:530:35)
    at ChildProcess._handle.onexit (node:internal/child_process:294:12)
